{"contracts/AucEngine.sol":{"l":{"28":3,"32":2,"34":2,"36":2,"47":2,"49":2,"53":1,"54":1,"55":1,"56":1,"57":1,"61":2,"62":2,"63":1,"64":1,"65":1,"66":1,"67":1,"68":1,"69":1,"70":1,"72":1,"76":1},"path":"/Users/Viktor_Shevliagin/Desktop/git/Solidity-YT-Series/lesson_10_auction_stream/contracts/AucEngine.sol","s":{"1":2,"2":2,"3":2,"4":2,"5":2,"6":1,"7":1,"8":1,"9":1,"10":1,"11":2,"12":2,"13":1,"14":1,"15":1,"16":1,"17":1,"18":1,"19":1,"20":1},"b":{"1":[0,2],"2":[2,0],"3":[1,0],"4":[1,1],"5":[1,0],"6":[1,0],"7":[1,0]},"f":{"1":3,"2":2,"3":1,"4":2},"fnMap":{"1":{"name":"constructor","line":27,"loc":{"start":{"line":27,"column":4},"end":{"line":29,"column":4}}},"2":{"name":"createAuction","line":31,"loc":{"start":{"line":31,"column":4},"end":{"line":50,"column":4}}},"3":{"name":"getPriceFor","line":52,"loc":{"start":{"line":52,"column":4},"end":{"line":58,"column":4}}},"4":{"name":"buy","line":60,"loc":{"start":{"line":60,"column":4},"end":{"line":77,"column":4}}}},"statementMap":{"1":{"start":{"line":32,"column":8},"end":{"line":32,"column":61}},"2":{"start":{"line":34,"column":8},"end":{"line":34,"column":86}},"3":{"start":{"line":36,"column":8},"end":{"line":36,"column":961}},"4":{"start":{"line":47,"column":8},"end":{"line":47,"column":32}},"5":{"start":{"line":49,"column":8},"end":{"line":49,"column":80}},"6":{"start":{"line":53,"column":8},"end":{"line":53,"column":49}},"7":{"start":{"line":54,"column":8},"end":{"line":54,"column":45}},"8":{"start":{"line":55,"column":8},"end":{"line":55,"column":57}},"9":{"start":{"line":56,"column":8},"end":{"line":56,"column":55}},"10":{"start":{"line":57,"column":8},"end":{"line":57,"column":48}},"11":{"start":{"line":61,"column":8},"end":{"line":61,"column":50}},"12":{"start":{"line":62,"column":8},"end":{"line":62,"column":45}},"13":{"start":{"line":63,"column":8},"end":{"line":63,"column":59}},"14":{"start":{"line":64,"column":8},"end":{"line":64,"column":40}},"15":{"start":{"line":65,"column":8},"end":{"line":65,"column":56}},"16":{"start":{"line":68,"column":8},"end":{"line":68,"column":40}},"17":{"start":{"line":69,"column":8},"end":{"line":69,"column":2216}},"18":{"start":{"line":70,"column":12},"end":{"line":70,"column":47}},"19":{"start":{"line":72,"column":8},"end":{"line":72,"column":2300}},"20":{"start":{"line":76,"column":8},"end":{"line":76,"column":52}}},"branchMap":{"1":{"line":32,"type":"if","locations":[{"start":{"line":32,"column":41},"end":{"line":32,"column":48}},{"start":{"line":32,"column":52},"end":{"line":32,"column":60}}]},"2":{"line":34,"type":"if","locations":[{"start":{"line":34,"column":8},"end":{"line":34,"column":8}},{"start":{"line":34,"column":8},"end":{"line":34,"column":8}}]},"3":{"line":54,"type":"if","locations":[{"start":{"line":54,"column":8},"end":{"line":54,"column":8}},{"start":{"line":54,"column":8},"end":{"line":54,"column":8}}]},"4":{"line":62,"type":"if","locations":[{"start":{"line":62,"column":8},"end":{"line":62,"column":8}},{"start":{"line":62,"column":8},"end":{"line":62,"column":8}}]},"5":{"line":63,"type":"if","locations":[{"start":{"line":63,"column":8},"end":{"line":63,"column":8}},{"start":{"line":63,"column":8},"end":{"line":63,"column":8}}]},"6":{"line":65,"type":"if","locations":[{"start":{"line":65,"column":8},"end":{"line":65,"column":8}},{"start":{"line":65,"column":8},"end":{"line":65,"column":8}}]},"7":{"line":69,"type":"if","locations":[{"start":{"line":69,"column":8},"end":{"line":69,"column":8}},{"start":{"line":69,"column":8},"end":{"line":69,"column":8}}]}}}}