TN:
SF:/Users/Viktor_Shevliagin/Desktop/git/Solidity-YT-Series/lesson_10_auction_stream/contracts/AucEngine.sol
FN:27,constructor
FN:31,createAuction
FN:52,getPriceFor
FN:60,buy
FNF:4
FNH:4
FNDA:3,constructor
FNDA:2,createAuction
FNDA:1,getPriceFor
FNDA:2,buy
DA:28,3
DA:32,2
DA:34,2
DA:36,2
DA:47,2
DA:49,2
DA:53,1
DA:54,1
DA:55,1
DA:56,1
DA:57,1
DA:61,2
DA:62,2
DA:63,1
DA:64,1
DA:65,1
DA:66,1
DA:67,1
DA:68,1
DA:69,1
DA:70,1
DA:72,1
DA:76,1
LF:23
LH:23
BRDA:32,1,0,0
BRDA:32,1,1,2
BRDA:34,2,0,2
BRDA:34,2,1,0
BRDA:54,3,0,1
BRDA:54,3,1,0
BRDA:62,4,0,1
BRDA:62,4,1,1
BRDA:63,5,0,1
BRDA:63,5,1,0
BRDA:65,6,0,1
BRDA:65,6,1,0
BRDA:69,7,0,1
BRDA:69,7,1,0
BRF:14
BRH:8
end_of_record
